<?xml version="1.0" encoding="UTF-8"?>
<testsuite xmlns:xsi="http://www.w3.org/2001/XMLSchema-instance" xsi:noNamespaceSchemaLocation="https://maven.apache.org/surefire/maven-surefire-plugin/xsd/surefire-test-report.xsd" name="com.heima.minio.test.MinIOTest" time="3.171" tests="1" errors="0" skipped="0" failures="0">
  <properties>
    <property name="sun.desktop" value="windows"/>
    <property name="awt.toolkit" value="sun.awt.windows.WToolkit"/>
    <property name="file.encoding.pkg" value="sun.io"/>
    <property name="java.specification.version" value="1.8"/>
    <property name="sun.cpu.isalist" value="amd64"/>
    <property name="sun.jnu.encoding" value="GBK"/>
    <property name="java.class.path" value="D:\heima-leadnews\heima-leadnews-test\minio-demo\target\test-classes;D:\heima-leadnews\heima-leadnews-test\minio-demo\target\classes;D:\respository_new\io\minio\minio\7.1.0\minio-7.1.0.jar;D:\respository_new\com\carrotsearch\thirdparty\simple-xml-safe\2.7.1\simple-xml-safe-2.7.1.jar;D:\respository_new\com\google\guava\guava\29.0-jre\guava-29.0-jre.jar;D:\respository_new\com\google\guava\failureaccess\1.0.1\failureaccess-1.0.1.jar;D:\respository_new\com\google\guava\listenablefuture\9999.0-empty-to-avoid-conflict-with-guava\listenablefuture-9999.0-empty-to-avoid-conflict-with-guava.jar;D:\respository_new\org\checkerframework\checker-qual\2.11.1\checker-qual-2.11.1.jar;D:\respository_new\com\google\errorprone\error_prone_annotations\2.3.4\error_prone_annotations-2.3.4.jar;D:\respository_new\com\google\j2objc\j2objc-annotations\1.3\j2objc-annotations-1.3.jar;D:\respository_new\com\squareup\okhttp3\okhttp\3.14.9\okhttp-3.14.9.jar;D:\respository_new\com\squareup\okio\okio\1.17.2\okio-1.17.2.jar;D:\respository_new\com\fasterxml\jackson\core\jackson-annotations\2.11.4\jackson-annotations-2.11.4.jar;D:\respository_new\com\fasterxml\jackson\core\jackson-core\2.11.4\jackson-core-2.11.4.jar;D:\respository_new\com\fasterxml\jackson\core\jackson-databind\2.11.4\jackson-databind-2.11.4.jar;D:\respository_new\com\github\spotbugs\spotbugs-annotations\4.0.0\spotbugs-annotations-4.0.0.jar;D:\respository_new\net\jcip\jcip-annotations\1.0\jcip-annotations-1.0.jar;D:\respository_new\com\google\code\findbugs\jsr305\3.0.2\jsr305-3.0.2.jar;D:\respository_new\org\springframework\boot\spring-boot-starter-web\2.3.9.RELEASE\spring-boot-starter-web-2.3.9.RELEASE.jar;D:\respository_new\org\springframework\boot\spring-boot-starter\2.3.9.RELEASE\spring-boot-starter-2.3.9.RELEASE.jar;D:\respository_new\org\springframework\boot\spring-boot\2.3.9.RELEASE\spring-boot-2.3.9.RELEASE.jar;D:\respository_new\jakarta\annotation\jakarta.annotation-api\1.3.5\jakarta.annotation-api-1.3.5.jar;D:\respository_new\org\yaml\snakeyaml\1.26\snakeyaml-1.26.jar;D:\respository_new\org\springframework\boot\spring-boot-starter-json\2.3.9.RELEASE\spring-boot-starter-json-2.3.9.RELEASE.jar;D:\respository_new\com\fasterxml\jackson\datatype\jackson-datatype-jdk8\2.11.4\jackson-datatype-jdk8-2.11.4.jar;D:\respository_new\com\fasterxml\jackson\datatype\jackson-datatype-jsr310\2.11.4\jackson-datatype-jsr310-2.11.4.jar;D:\respository_new\com\fasterxml\jackson\module\jackson-module-parameter-names\2.11.4\jackson-module-parameter-names-2.11.4.jar;D:\respository_new\org\springframework\boot\spring-boot-starter-tomcat\2.3.9.RELEASE\spring-boot-starter-tomcat-2.3.9.RELEASE.jar;D:\respository_new\org\apache\tomcat\embed\tomcat-embed-core\9.0.43\tomcat-embed-core-9.0.43.jar;D:\respository_new\org\glassfish\jakarta.el\3.0.3\jakarta.el-3.0.3.jar;D:\respository_new\org\apache\tomcat\embed\tomcat-embed-websocket\9.0.43\tomcat-embed-websocket-9.0.43.jar;D:\respository_new\org\springframework\spring-web\5.2.13.RELEASE\spring-web-5.2.13.RELEASE.jar;D:\respository_new\org\springframework\spring-beans\5.2.13.RELEASE\spring-beans-5.2.13.RELEASE.jar;D:\respository_new\org\springframework\spring-webmvc\5.2.13.RELEASE\spring-webmvc-5.2.13.RELEASE.jar;D:\respository_new\org\springframework\spring-aop\5.2.13.RELEASE\spring-aop-5.2.13.RELEASE.jar;D:\respository_new\org\springframework\spring-context\5.2.13.RELEASE\spring-context-5.2.13.RELEASE.jar;D:\respository_new\org\springframework\spring-expression\5.2.13.RELEASE\spring-expression-5.2.13.RELEASE.jar;D:\respository_new\org\springframework\boot\spring-boot-starter-test\2.3.9.RELEASE\spring-boot-starter-test-2.3.9.RELEASE.jar;D:\respository_new\org\springframework\boot\spring-boot-test\2.3.9.RELEASE\spring-boot-test-2.3.9.RELEASE.jar;D:\respository_new\org\springframework\boot\spring-boot-test-autoconfigure\2.3.9.RELEASE\spring-boot-test-autoconfigure-2.3.9.RELEASE.jar;D:\respository_new\com\jayway\jsonpath\json-path\2.4.0\json-path-2.4.0.jar;D:\respository_new\net\minidev\json-smart\2.3\json-smart-2.3.jar;D:\respository_new\net\minidev\accessors-smart\1.2\accessors-smart-1.2.jar;D:\respository_new\org\ow2\asm\asm\5.0.4\asm-5.0.4.jar;D:\respository_new\org\slf4j\slf4j-api\1.7.30\slf4j-api-1.7.30.jar;D:\respository_new\jakarta\xml\bind\jakarta.xml.bind-api\2.3.3\jakarta.xml.bind-api-2.3.3.jar;D:\respository_new\jakarta\activation\jakarta.activation-api\1.2.2\jakarta.activation-api-1.2.2.jar;D:\respository_new\org\assertj\assertj-core\3.16.1\assertj-core-3.16.1.jar;D:\respository_new\org\hamcrest\hamcrest\2.2\hamcrest-2.2.jar;D:\respository_new\org\junit\jupiter\junit-jupiter\5.6.3\junit-jupiter-5.6.3.jar;D:\respository_new\org\junit\jupiter\junit-jupiter-api\5.6.3\junit-jupiter-api-5.6.3.jar;D:\respository_new\org\opentest4j\opentest4j\1.2.0\opentest4j-1.2.0.jar;D:\respository_new\org\junit\platform\junit-platform-commons\1.6.3\junit-platform-commons-1.6.3.jar;D:\respository_new\org\junit\jupiter\junit-jupiter-params\5.6.3\junit-jupiter-params-5.6.3.jar;D:\respository_new\org\junit\jupiter\junit-jupiter-engine\5.6.3\junit-jupiter-engine-5.6.3.jar;D:\respository_new\org\junit\vintage\junit-vintage-engine\5.6.3\junit-vintage-engine-5.6.3.jar;D:\respository_new\org\apiguardian\apiguardian-api\1.1.0\apiguardian-api-1.1.0.jar;D:\respository_new\org\junit\platform\junit-platform-engine\1.6.3\junit-platform-engine-1.6.3.jar;D:\respository_new\junit\junit\4.12\junit-4.12.jar;D:\respository_new\org\mockito\mockito-core\3.3.3\mockito-core-3.3.3.jar;D:\respository_new\net\bytebuddy\byte-buddy\1.10.20\byte-buddy-1.10.20.jar;D:\respository_new\net\bytebuddy\byte-buddy-agent\1.10.20\byte-buddy-agent-1.10.20.jar;D:\respository_new\org\objenesis\objenesis\2.6\objenesis-2.6.jar;D:\respository_new\org\mockito\mockito-junit-jupiter\3.3.3\mockito-junit-jupiter-3.3.3.jar;D:\respository_new\org\skyscreamer\jsonassert\1.5.0\jsonassert-1.5.0.jar;D:\respository_new\com\vaadin\external\google\android-json\0.0.20131108.vaadin1\android-json-0.0.20131108.vaadin1.jar;D:\respository_new\org\springframework\spring-core\5.2.13.RELEASE\spring-core-5.2.13.RELEASE.jar;D:\respository_new\org\springframework\spring-jcl\5.2.13.RELEASE\spring-jcl-5.2.13.RELEASE.jar;D:\respository_new\org\springframework\spring-test\5.2.13.RELEASE\spring-test-5.2.13.RELEASE.jar;D:\respository_new\org\xmlunit\xmlunit-core\2.7.0\xmlunit-core-2.7.0.jar;D:\respository_new\com\heima\heima-file-starter\1.0-SNAPSHOT\heima-file-starter-1.0-SNAPSHOT.jar;D:\respository_new\org\springframework\boot\spring-boot-autoconfigure\2.3.9.RELEASE\spring-boot-autoconfigure-2.3.9.RELEASE.jar;D:\respository_new\org\springframework\boot\spring-boot-starter-actuator\2.3.9.RELEASE\spring-boot-starter-actuator-2.3.9.RELEASE.jar;D:\respository_new\org\springframework\boot\spring-boot-actuator-autoconfigure\2.3.9.RELEASE\spring-boot-actuator-autoconfigure-2.3.9.RELEASE.jar;D:\respository_new\org\springframework\boot\spring-boot-actuator\2.3.9.RELEASE\spring-boot-actuator-2.3.9.RELEASE.jar;D:\respository_new\io\micrometer\micrometer-core\1.5.11\micrometer-core-1.5.11.jar;D:\respository_new\org\hdrhistogram\HdrHistogram\2.1.12\HdrHistogram-2.1.12.jar;D:\respository_new\org\latencyutils\LatencyUtils\2.0.3\LatencyUtils-2.0.3.jar;D:\respository_new\org\springframework\boot\spring-boot-starter-log4j2\2.3.9.RELEASE\spring-boot-starter-log4j2-2.3.9.RELEASE.jar;D:\respository_new\org\apache\logging\log4j\log4j-slf4j-impl\2.13.3\log4j-slf4j-impl-2.13.3.jar;D:\respository_new\org\apache\logging\log4j\log4j-api\2.13.3\log4j-api-2.13.3.jar;D:\respository_new\org\apache\logging\log4j\log4j-core\2.13.3\log4j-core-2.13.3.jar;D:\respository_new\org\apache\logging\log4j\log4j-jul\2.13.3\log4j-jul-2.13.3.jar;D:\respository_new\org\slf4j\jul-to-slf4j\1.7.30\jul-to-slf4j-1.7.30.jar;D:\respository_new\org\projectlombok\lombok\1.18.8\lombok-1.18.8.jar;"/>
    <property name="java.vm.vendor" value="Amazon.com Inc."/>
    <property name="sun.arch.data.model" value="64"/>
    <property name="user.variant" value=""/>
    <property name="java.vendor.url" value="https://aws.amazon.com/corretto/"/>
    <property name="user.timezone" value="Asia/Shanghai"/>
    <property name="java.vm.specification.version" value="1.8"/>
    <property name="os.name" value="Windows 11"/>
    <property name="user.country" value="CN"/>
    <property name="sun.java.launcher" value="SUN_STANDARD"/>
    <property name="sun.boot.library.path" value="C:\Users\fang\.jdks\corretto-1.8.0_412\jre\bin"/>
    <property name="sun.java.command" value="C:\Users\fang\AppData\Local\Temp\surefire8198782087680198553\surefirebooter5055818442024868114.jar C:\Users\fang\AppData\Local\Temp\surefire8198782087680198553 2024-04-18T19-24-03_481-jvmRun1 surefire6365471685344847286tmp surefire_04008357568040036592tmp"/>
    <property name="surefire.test.class.path" value="D:\heima-leadnews\heima-leadnews-test\minio-demo\target\test-classes;D:\heima-leadnews\heima-leadnews-test\minio-demo\target\classes;D:\respository_new\io\minio\minio\7.1.0\minio-7.1.0.jar;D:\respository_new\com\carrotsearch\thirdparty\simple-xml-safe\2.7.1\simple-xml-safe-2.7.1.jar;D:\respository_new\com\google\guava\guava\29.0-jre\guava-29.0-jre.jar;D:\respository_new\com\google\guava\failureaccess\1.0.1\failureaccess-1.0.1.jar;D:\respository_new\com\google\guava\listenablefuture\9999.0-empty-to-avoid-conflict-with-guava\listenablefuture-9999.0-empty-to-avoid-conflict-with-guava.jar;D:\respository_new\org\checkerframework\checker-qual\2.11.1\checker-qual-2.11.1.jar;D:\respository_new\com\google\errorprone\error_prone_annotations\2.3.4\error_prone_annotations-2.3.4.jar;D:\respository_new\com\google\j2objc\j2objc-annotations\1.3\j2objc-annotations-1.3.jar;D:\respository_new\com\squareup\okhttp3\okhttp\3.14.9\okhttp-3.14.9.jar;D:\respository_new\com\squareup\okio\okio\1.17.2\okio-1.17.2.jar;D:\respository_new\com\fasterxml\jackson\core\jackson-annotations\2.11.4\jackson-annotations-2.11.4.jar;D:\respository_new\com\fasterxml\jackson\core\jackson-core\2.11.4\jackson-core-2.11.4.jar;D:\respository_new\com\fasterxml\jackson\core\jackson-databind\2.11.4\jackson-databind-2.11.4.jar;D:\respository_new\com\github\spotbugs\spotbugs-annotations\4.0.0\spotbugs-annotations-4.0.0.jar;D:\respository_new\net\jcip\jcip-annotations\1.0\jcip-annotations-1.0.jar;D:\respository_new\com\google\code\findbugs\jsr305\3.0.2\jsr305-3.0.2.jar;D:\respository_new\org\springframework\boot\spring-boot-starter-web\2.3.9.RELEASE\spring-boot-starter-web-2.3.9.RELEASE.jar;D:\respository_new\org\springframework\boot\spring-boot-starter\2.3.9.RELEASE\spring-boot-starter-2.3.9.RELEASE.jar;D:\respository_new\org\springframework\boot\spring-boot\2.3.9.RELEASE\spring-boot-2.3.9.RELEASE.jar;D:\respository_new\jakarta\annotation\jakarta.annotation-api\1.3.5\jakarta.annotation-api-1.3.5.jar;D:\respository_new\org\yaml\snakeyaml\1.26\snakeyaml-1.26.jar;D:\respository_new\org\springframework\boot\spring-boot-starter-json\2.3.9.RELEASE\spring-boot-starter-json-2.3.9.RELEASE.jar;D:\respository_new\com\fasterxml\jackson\datatype\jackson-datatype-jdk8\2.11.4\jackson-datatype-jdk8-2.11.4.jar;D:\respository_new\com\fasterxml\jackson\datatype\jackson-datatype-jsr310\2.11.4\jackson-datatype-jsr310-2.11.4.jar;D:\respository_new\com\fasterxml\jackson\module\jackson-module-parameter-names\2.11.4\jackson-module-parameter-names-2.11.4.jar;D:\respository_new\org\springframework\boot\spring-boot-starter-tomcat\2.3.9.RELEASE\spring-boot-starter-tomcat-2.3.9.RELEASE.jar;D:\respository_new\org\apache\tomcat\embed\tomcat-embed-core\9.0.43\tomcat-embed-core-9.0.43.jar;D:\respository_new\org\glassfish\jakarta.el\3.0.3\jakarta.el-3.0.3.jar;D:\respository_new\org\apache\tomcat\embed\tomcat-embed-websocket\9.0.43\tomcat-embed-websocket-9.0.43.jar;D:\respository_new\org\springframework\spring-web\5.2.13.RELEASE\spring-web-5.2.13.RELEASE.jar;D:\respository_new\org\springframework\spring-beans\5.2.13.RELEASE\spring-beans-5.2.13.RELEASE.jar;D:\respository_new\org\springframework\spring-webmvc\5.2.13.RELEASE\spring-webmvc-5.2.13.RELEASE.jar;D:\respository_new\org\springframework\spring-aop\5.2.13.RELEASE\spring-aop-5.2.13.RELEASE.jar;D:\respository_new\org\springframework\spring-context\5.2.13.RELEASE\spring-context-5.2.13.RELEASE.jar;D:\respository_new\org\springframework\spring-expression\5.2.13.RELEASE\spring-expression-5.2.13.RELEASE.jar;D:\respository_new\org\springframework\boot\spring-boot-starter-test\2.3.9.RELEASE\spring-boot-starter-test-2.3.9.RELEASE.jar;D:\respository_new\org\springframework\boot\spring-boot-test\2.3.9.RELEASE\spring-boot-test-2.3.9.RELEASE.jar;D:\respository_new\org\springframework\boot\spring-boot-test-autoconfigure\2.3.9.RELEASE\spring-boot-test-autoconfigure-2.3.9.RELEASE.jar;D:\respository_new\com\jayway\jsonpath\json-path\2.4.0\json-path-2.4.0.jar;D:\respository_new\net\minidev\json-smart\2.3\json-smart-2.3.jar;D:\respository_new\net\minidev\accessors-smart\1.2\accessors-smart-1.2.jar;D:\respository_new\org\ow2\asm\asm\5.0.4\asm-5.0.4.jar;D:\respository_new\org\slf4j\slf4j-api\1.7.30\slf4j-api-1.7.30.jar;D:\respository_new\jakarta\xml\bind\jakarta.xml.bind-api\2.3.3\jakarta.xml.bind-api-2.3.3.jar;D:\respository_new\jakarta\activation\jakarta.activation-api\1.2.2\jakarta.activation-api-1.2.2.jar;D:\respository_new\org\assertj\assertj-core\3.16.1\assertj-core-3.16.1.jar;D:\respository_new\org\hamcrest\hamcrest\2.2\hamcrest-2.2.jar;D:\respository_new\org\junit\jupiter\junit-jupiter\5.6.3\junit-jupiter-5.6.3.jar;D:\respository_new\org\junit\jupiter\junit-jupiter-api\5.6.3\junit-jupiter-api-5.6.3.jar;D:\respository_new\org\opentest4j\opentest4j\1.2.0\opentest4j-1.2.0.jar;D:\respository_new\org\junit\platform\junit-platform-commons\1.6.3\junit-platform-commons-1.6.3.jar;D:\respository_new\org\junit\jupiter\junit-jupiter-params\5.6.3\junit-jupiter-params-5.6.3.jar;D:\respository_new\org\junit\jupiter\junit-jupiter-engine\5.6.3\junit-jupiter-engine-5.6.3.jar;D:\respository_new\org\junit\vintage\junit-vintage-engine\5.6.3\junit-vintage-engine-5.6.3.jar;D:\respository_new\org\apiguardian\apiguardian-api\1.1.0\apiguardian-api-1.1.0.jar;D:\respository_new\org\junit\platform\junit-platform-engine\1.6.3\junit-platform-engine-1.6.3.jar;D:\respository_new\junit\junit\4.12\junit-4.12.jar;D:\respository_new\org\mockito\mockito-core\3.3.3\mockito-core-3.3.3.jar;D:\respository_new\net\bytebuddy\byte-buddy\1.10.20\byte-buddy-1.10.20.jar;D:\respository_new\net\bytebuddy\byte-buddy-agent\1.10.20\byte-buddy-agent-1.10.20.jar;D:\respository_new\org\objenesis\objenesis\2.6\objenesis-2.6.jar;D:\respository_new\org\mockito\mockito-junit-jupiter\3.3.3\mockito-junit-jupiter-3.3.3.jar;D:\respository_new\org\skyscreamer\jsonassert\1.5.0\jsonassert-1.5.0.jar;D:\respository_new\com\vaadin\external\google\android-json\0.0.20131108.vaadin1\android-json-0.0.20131108.vaadin1.jar;D:\respository_new\org\springframework\spring-core\5.2.13.RELEASE\spring-core-5.2.13.RELEASE.jar;D:\respository_new\org\springframework\spring-jcl\5.2.13.RELEASE\spring-jcl-5.2.13.RELEASE.jar;D:\respository_new\org\springframework\spring-test\5.2.13.RELEASE\spring-test-5.2.13.RELEASE.jar;D:\respository_new\org\xmlunit\xmlunit-core\2.7.0\xmlunit-core-2.7.0.jar;D:\respository_new\com\heima\heima-file-starter\1.0-SNAPSHOT\heima-file-starter-1.0-SNAPSHOT.jar;D:\respository_new\org\springframework\boot\spring-boot-autoconfigure\2.3.9.RELEASE\spring-boot-autoconfigure-2.3.9.RELEASE.jar;D:\respository_new\org\springframework\boot\spring-boot-starter-actuator\2.3.9.RELEASE\spring-boot-starter-actuator-2.3.9.RELEASE.jar;D:\respository_new\org\springframework\boot\spring-boot-actuator-autoconfigure\2.3.9.RELEASE\spring-boot-actuator-autoconfigure-2.3.9.RELEASE.jar;D:\respository_new\org\springframework\boot\spring-boot-actuator\2.3.9.RELEASE\spring-boot-actuator-2.3.9.RELEASE.jar;D:\respository_new\io\micrometer\micrometer-core\1.5.11\micrometer-core-1.5.11.jar;D:\respository_new\org\hdrhistogram\HdrHistogram\2.1.12\HdrHistogram-2.1.12.jar;D:\respository_new\org\latencyutils\LatencyUtils\2.0.3\LatencyUtils-2.0.3.jar;D:\respository_new\org\springframework\boot\spring-boot-starter-log4j2\2.3.9.RELEASE\spring-boot-starter-log4j2-2.3.9.RELEASE.jar;D:\respository_new\org\apache\logging\log4j\log4j-slf4j-impl\2.13.3\log4j-slf4j-impl-2.13.3.jar;D:\respository_new\org\apache\logging\log4j\log4j-api\2.13.3\log4j-api-2.13.3.jar;D:\respository_new\org\apache\logging\log4j\log4j-core\2.13.3\log4j-core-2.13.3.jar;D:\respository_new\org\apache\logging\log4j\log4j-jul\2.13.3\log4j-jul-2.13.3.jar;D:\respository_new\org\slf4j\jul-to-slf4j\1.7.30\jul-to-slf4j-1.7.30.jar;D:\respository_new\org\projectlombok\lombok\1.18.8\lombok-1.18.8.jar;"/>
    <property name="sun.cpu.endian" value="little"/>
    <property name="user.home" value="C:\Users\fang"/>
    <property name="user.language" value="zh"/>
    <property name="java.specification.vendor" value="Oracle Corporation"/>
    <property name="java.home" value="C:\Users\fang\.jdks\corretto-1.8.0_412\jre"/>
    <property name="basedir" value="D:\heima-leadnews\heima-leadnews-test\minio-demo"/>
    <property name="file.separator" value="\"/>
    <property name="line.separator" value="&#10;"/>
    <property name="java.vm.specification.vendor" value="Oracle Corporation"/>
    <property name="java.specification.name" value="Java Platform API Specification"/>
    <property name="java.awt.graphicsenv" value="sun.awt.Win32GraphicsEnvironment"/>
    <property name="surefire.real.class.path" value="C:\Users\fang\AppData\Local\Temp\surefire8198782087680198553\surefirebooter5055818442024868114.jar"/>
    <property name="sun.boot.class.path" value="C:\Users\fang\.jdks\corretto-1.8.0_412\jre\lib\resources.jar;C:\Users\fang\.jdks\corretto-1.8.0_412\jre\lib\rt.jar;C:\Users\fang\.jdks\corretto-1.8.0_412\jre\lib\sunrsasign.jar;C:\Users\fang\.jdks\corretto-1.8.0_412\jre\lib\jsse.jar;C:\Users\fang\.jdks\corretto-1.8.0_412\jre\lib\jce.jar;C:\Users\fang\.jdks\corretto-1.8.0_412\jre\lib\charsets.jar;C:\Users\fang\.jdks\corretto-1.8.0_412\jre\lib\jfr.jar;C:\Users\fang\.jdks\corretto-1.8.0_412\jre\classes"/>
    <property name="user.script" value=""/>
    <property name="sun.management.compiler" value="HotSpot 64-Bit Tiered Compilers"/>
    <property name="java.runtime.version" value="1.8.0_412-b08"/>
    <property name="user.name" value="fang"/>
    <property name="path.separator" value=";"/>
    <property name="os.version" value="10.0"/>
    <property name="java.endorsed.dirs" value="C:\Users\fang\.jdks\corretto-1.8.0_412\jre\lib\endorsed"/>
    <property name="java.runtime.name" value="OpenJDK Runtime Environment"/>
    <property name="file.encoding" value="GBK"/>
    <property name="java.vm.name" value="OpenJDK 64-Bit Server VM"/>
    <property name="localRepository" value="D:\respository_new"/>
    <property name="java.vendor.url.bug" value="https://github.com/corretto/corretto-8/issues/"/>
    <property name="java.io.tmpdir" value="C:\Users\fang\AppData\Local\Temp\"/>
    <property name="idea.version" value="2024.1"/>
    <property name="java.version" value="1.8.0_412"/>
    <property name="user.dir" value="D:\heima-leadnews\heima-leadnews-test\minio-demo"/>
    <property name="os.arch" value="amd64"/>
    <property name="java.vm.specification.name" value="Java Virtual Machine Specification"/>
    <property name="java.awt.printerjob" value="sun.awt.windows.WPrinterJob"/>
    <property name="sun.os.patch.level" value=""/>
    <property name="java.library.path" value="C:\Users\fang\.jdks\corretto-1.8.0_412\jre\bin;C:\WINDOWS\Sun\Java\bin;C:\WINDOWS\system32;C:\WINDOWS;D:\Program Files (x86)\VMware\VMware Workstation\bin\;D:\Program Files\Microsoft MPI\Bin\;C:\Program Files\Common Files\Oracle\Java\javapath;C:;Program Files\Common Files\Oracle\Java\javapath;C:\WINDOWS\system32;C:\WINDOWS;C:\WINDOWS\System32\Wbem;C:\WINDOWS\System32\WindowsPowerShell\v1.0\;C:\WINDOWS\System32\OpenSSH\;C:\Program Files\Microsoft SQL Server\150\Tools\Binn\;D:\Xshell\;H:\git\Git\cmd;C:\Program Files (x86)\Microsoft SQL Server\160\Tools\Binn\;C:\Program Files\Microsoft SQL Server\160\Tools\Binn\;C:\Program Files\Microsoft SQL Server\Client SDK\ODBC\170\Tools\Binn\;C:\Program Files\Microsoft SQL Server\160\DTS\Binn\;C:\WINDOWS\system32;C:\WINDOWS;C:\WINDOWS\System32\Wbem;C:\WINDOWS\System32\WindowsPowerShell\v1.0\;C:\WINDOWS\System32\OpenSSH\;C:\Program Files (x86)\Microsoft SQL Server\160\DTS\Binn\;C:\Program Files\Azure Data Studio\bin;D:\Program Files\Redis\;D:\OpenCASCADE-7.7.0-vc14-64\ffmpeg-3.3.4-64\bin;D:\OpenCASCADE-7.7.0-vc14-64\freeimage-3.17.0-vc14-64\bin;D:\OpenCASCADE-7.7.0-vc14-64\freetype-2.5.5-vc14-64\bin;D:\OpenCASCADE-7.7.0-vc14-64\qt5.11.2-vc14-64\bin;D:\OpenCASCADE-7.7.0-vc14-64\rapidjson-1.1.0\bin;D:\OpenCASCADE-7.7.0-vc14-64\tbb_2021.5-vc14-64\bin;D:\OpenCASCADE-7.7.0-vc14-64\tcltk-86-64\bin;D:\OpenCASCADE-7.7.0-vc14-64\vtk-6.1.0-vc14-64\bin;D:\OpenCASCADE-7.7.0-vc14-64\draco-1.4.1-vc14-64\bin;D:\Program Files\MySQL\MySQL Server 8.0\bin;&quot;.;C:\JAVA\jdk-17\lib\dt.jar;C:\JAVA\jdk-17\lib\tools.jar;&quot;;D:\Maven\apache-maven-3.9.1\bin;D:\Program Files\nodejs\;C:\Users\fang\AppData\Local\Microsoft\WindowsApps\python.exe;D:\Program Files\Microsoft VS Code\bin;D:\Program Files\MapGIS 10\program;C:\Program Files\Git\cmd;C:\Program Files\Erlang OTP\bin;C:\Program Files\Bandizip\;C:\Program Files\dotnet\;D:\Windows Kits\10\Windows Performance Toolkit\;C:\Users\fang\AppData\Local\Android\Sdk\platform-tools;D:\chromedriver-win64\chromedriver-win64\chromedriver.exe;C:\Users\fang\AppData\Local\Microsoft\WindowsApps;H:\vscode\Microsoft VS Code\bin;C:\Program Files\Azure Data Studio\bin;C:\Users\fang\AppData\Roaming\npm;C:\Program Files\Erlang OTP\bin;;D:\Program Files\JetBrains\PyCharm 2023.2.5\bin;;C:\Users\fang\.dotnet\tools;."/>
    <property name="java.vm.info" value="mixed mode"/>
    <property name="java.vendor" value="Amazon.com Inc."/>
    <property name="java.vm.version" value="25.412-b08"/>
    <property name="java.specification.maintenance.version" value="5"/>
    <property name="java.ext.dirs" value="C:\Users\fang\.jdks\corretto-1.8.0_412\jre\lib\ext;C:\WINDOWS\Sun\Java\lib\ext"/>
    <property name="sun.io.unicode.encoding" value="UnicodeLittle"/>
    <property name="maven.repo.local" value="D:\respository_new"/>
    <property name="java.class.version" value="52.0"/>
  </properties>
  <testcase name="testUpdateImgFile" classname="com.heima.minio.test.MinIOTest" time="0.387"/>
</testsuite>